<?xml version="1.0" encoding="UTF-8"?>
<!-- Generated by org.testng.reporters.JUnitReportReporter -->
<testsuite hostname="carlos" failures="0" tests="8" name="proyecto_junit.TestPizzeriaEjercicio2" time="15.772" errors="0" timestamp="2022-11-16T16:26:58 CST" skipped="0">
  <testcase classname="proyecto_junit.TestPizzeriaEjercicio2" name="verificarSaldoMayorA150" time="0.003"/>
  <system-out/>
  <testcase classname="proyecto_junit.TestPizzeriaEjercicio2" name="verificarClienteSinTarjeta" time="0.002"/>
  <system-out/>
  <testcase classname="proyecto_junit.TestPizzeriaEjercicio2" name="verificarNoGuardarCupon" time="4.835"/>
  <system-out/>
  <testcase classname="proyecto_junit.TestPizzeriaEjercicio2" name="verificarSaldoEntre50Y100" time="0.002"/>
  <system-out/>
  <testcase classname="proyecto_junit.TestPizzeriaEjercicio2" name="verificarGuardarCupon" time="10.918"/>
  <system-out/>
  <testcase classname="proyecto_junit.TestPizzeriaEjercicio2" name="verificarSaldoMenorA50" time="0.001"/>
  <system-out/>
  <testcase classname="proyecto_junit.TestPizzeriaEjercicio2" name="verificarSaldoEntre100Y150" time="0.003"/>
  <system-out/>
  <testcase classname="proyecto_junit.TestPizzeriaEjercicio2" name="verificarClienteConTarjeta" time="0.008"/>
  <system-out/>
</testsuite> <!-- proyecto_junit.TestPizzeriaEjercicio2 -->
